Using pre-set license
Built from '2020.3/staging' branch; Version is '2020.3.4f1 (0abb6314276a) revision 703331'; Using compiler version '192528614'; Build Type 'Release'
OS: 'Windows 10 Home; OS build 19042.928; Version 2009; 64bit' Language: 'en' Physical Memory: 16318 MB
BatchMode: 1, IsHumanControllingUs: 0, StartBugReporterOnCrash: 0, Is64bit: 1, IsPro: 0

 COMMAND LINE ARGUMENTS:
C:\Program Files\Unity Builds\2020.3.4f1\Editor\Unity.exe
-adb2
-batchMode
-noUpm
-name
AssetImportWorker0
-projectPath
C:/Repos/Unity2D/Huge Farm 2D
-logFile
Logs/AssetImportWorker0.log
-srvPort
60609
Successfully changed project path to: C:/Repos/Unity2D/Huge Farm 2D
C:/Repos/Unity2D/Huge Farm 2D
Using Asset Import Pipeline V2.
Refreshing native plugins compatible for Editor in 49.65 ms, found 0 plugins.
Preloading 0 native plugins for Editor in 0.00 ms.
Initialize engine version: 2020.3.4f1 (0abb6314276a)
[Subsystems] Discovering subsystems at path C:/Program Files/Unity Builds/2020.3.4f1/Editor/Data/Resources/UnitySubsystems
[Subsystems] Discovering subsystems at path C:/Repos/Unity2D/Huge Farm 2D/Assets
GfxDevice: creating device client; threaded=0
Direct3D:
    Version:  Direct3D 11.0 [level 11.1]
    Renderer: NVIDIA GeForce GTX 1660 Ti (ID=0x2182)
    Vendor:   
    VRAM:     5991 MB
    Driver:   27.21.14.6627
Initialize mono
Mono path[0] = 'C:/Program Files/Unity Builds/2020.3.4f1/Editor/Data/Managed'
Mono path[1] = 'C:/Program Files/Unity Builds/2020.3.4f1/Editor/Data/MonoBleedingEdge/lib/mono/unityjit'
Mono config path = 'C:/Program Files/Unity Builds/2020.3.4f1/Editor/Data/MonoBleedingEdge/etc'
Using monoOptions --debugger-agent=transport=dt_socket,embedding=1,server=y,suspend=n,address=127.0.0.1:56272
Begin MonoManager ReloadAssembly
Registering precompiled unity dll's ...
Register platform support module: C:/Program Files/Unity Builds/2020.3.4f1/Editor/Data/PlaybackEngines/WebGLSupport/UnityEditor.WebGL.Extensions.dll
Register platform support module: C:/Program Files/Unity Builds/2020.3.4f1/Editor/Data/PlaybackEngines/WindowsStandaloneSupport/UnityEditor.WindowsStandalone.Extensions.dll
Registered in 0.002788 seconds.
Native extension for WindowsStandalone target not found
Native extension for WebGL target not found
Refreshing native plugins compatible for Editor in 53.54 ms, found 0 plugins.
Preloading 0 native plugins for Editor in 0.00 ms.
Mono: successfully reloaded assembly
- Completed reload, in  2.631 seconds
Platform modules already initialized, skipping
Registering precompiled user dll's ...
Registered in 0.001628 seconds.
Begin MonoManager ReloadAssembly
Native extension for WindowsStandalone target not found
Native extension for WebGL target not found
Refreshing native plugins compatible for Editor in 49.83 ms, found 0 plugins.
Preloading 0 native plugins for Editor in 0.00 ms.
Mono: successfully reloaded assembly
- Completed reload, in  1.086 seconds
Platform modules already initialized, skipping
========================================================================
Worker process is ready to serve import requests
Shader 'Universal Render Pipeline/Particles/Lit': fallback shader 'Universal Render Pipeline/Particles/SimpleLit' not found
Shader 'Universal Render Pipeline/Particles/Lit': fallback shader 'Universal Render Pipeline/Particles/SimpleLit' not found
Launched and connected shader compiler UnityShaderCompiler.exe after 0.05 seconds
Refreshing native plugins compatible for Editor in 0.44 ms, found 0 plugins.
Preloading 0 native plugins for Editor in 0.00 ms.
Unloading 2770 Unused Serialized files (Serialized files now loaded: 0)
System memory in use before: 132.6 MB.
System memory in use after: 129.9 MB.

Unloading 50 unused Assets to reduce memory usage. Loaded Objects now: 3181.
Total: 3.247500 ms (FindLiveObjects: 0.247400 ms CreateObjectMapping: 0.125800 ms MarkObjects: 1.641100 ms  DeleteObjects: 1.232200 ms)

AssetImportParameters requested are different than current active one (requested -> active):
  requireTextureImportCompression: false -> true
========================================================================
Received Import Request.
  path: Assets/_Game Name/Scenes/02. Main Game.unity
  artifactKey: Guid(2ac18c8215d5b9b4a96d6e669e297197) Importer(815301076,1909f56bfc062723c751e8b465ee728b)
Start importing Assets/_Game Name/Scenes/02. Main Game.unity using Guid(2ac18c8215d5b9b4a96d6e669e297197) Importer(815301076,1909f56bfc062723c751e8b465ee728b)  -> (artifact id: '384046ad8e84ff02384844ba4e2ed3b0') in 0.038590 seconds
  Import took 0.042896 seconds .

========================================================================
Received Import Request.
  Time since last request: 0.000206 seconds.
  path: Assets/_Game Name/Scenes/01. Main Menu.unity
  artifactKey: Guid(a7dcdb7252f6f490c852902dff99dc3f) Importer(815301076,1909f56bfc062723c751e8b465ee728b)
Start importing Assets/_Game Name/Scenes/01. Main Menu.unity using Guid(a7dcdb7252f6f490c852902dff99dc3f) Importer(815301076,1909f56bfc062723c751e8b465ee728b)  -> (artifact id: 'ff2f24e983c8b8b9c6545abced700289') in 0.024998 seconds
  Import took 0.028965 seconds .

========================================================================
Received Import Request.
  Time since last request: 5.330196 seconds.
  path: Assets/_Game Name/Prefabs/UI/Button Home.prefab
  artifactKey: Guid(f0a8d93c7581ce945b22d25491c10840) Importer(815301076,1909f56bfc062723c751e8b465ee728b)
Start importing Assets/_Game Name/Prefabs/UI/Button Home.prefab using Guid(f0a8d93c7581ce945b22d25491c10840) Importer(815301076,1909f56bfc062723c751e8b465ee728b)  -> (artifact id: 'ac8ccbb9ac0a83c9674f0809d634553b') in 0.081391 seconds
  Import took 0.085304 seconds .

========================================================================
Received Import Request.
  Time since last request: 0.002352 seconds.
  path: Assets/_Game Name/Prefabs/UI/Button Home.prefab
  artifactKey: Guid(f0a8d93c7581ce945b22d25491c10840) Importer(815301076,1909f56bfc062723c751e8b465ee728b)
Start importing Assets/_Game Name/Prefabs/UI/Button Home.prefab using Guid(f0a8d93c7581ce945b22d25491c10840) Importer(815301076,1909f56bfc062723c751e8b465ee728b)  -> (artifact id: 'ac8ccbb9ac0a83c9674f0809d634553b') in 0.024662 seconds
  Import took 0.028686 seconds .

========================================================================
Received Import Request.
  Time since last request: 8.784208 seconds.
  path: Assets/_Game Name/Scenes/02. Main Game.unity
  artifactKey: Guid(2ac18c8215d5b9b4a96d6e669e297197) Importer(815301076,1909f56bfc062723c751e8b465ee728b)
Start importing Assets/_Game Name/Scenes/02. Main Game.unity using Guid(2ac18c8215d5b9b4a96d6e669e297197) Importer(815301076,1909f56bfc062723c751e8b465ee728b)  -> (artifact id: 'f8b37c7854625f65768ab5a33a58a5b8') in 0.025243 seconds
  Import took 0.029310 seconds .

========================================================================
Received Import Request.
  Time since last request: 10.895431 seconds.
  path: Assets/_Game Name/Scenes/01. Main Menu 1.unity
  artifactKey: Guid(85d28cafc240fa144a60255b98dd569f) Importer(815301076,1909f56bfc062723c751e8b465ee728b)
Start importing Assets/_Game Name/Scenes/01. Main Menu 1.unity using Guid(85d28cafc240fa144a60255b98dd569f) Importer(815301076,1909f56bfc062723c751e8b465ee728b)  -> (artifact id: 'ee1c07309e24ff707e9911bf978c74e8') in 0.027399 seconds
  Import took 0.031459 seconds .

========================================================================
Received Import Request.
  Time since last request: 15.071649 seconds.
  path: Assets/_Game Name/Scenes/00. Sandbox - Systems and stuff.unity
  artifactKey: Guid(85d28cafc240fa144a60255b98dd569f) Importer(815301076,1909f56bfc062723c751e8b465ee728b)
Start importing Assets/_Game Name/Scenes/00. Sandbox - Systems and stuff.unity using Guid(85d28cafc240fa144a60255b98dd569f) Importer(815301076,1909f56bfc062723c751e8b465ee728b)  -> (artifact id: '9449660562756d9881b901e15fba0983') in 0.027437 seconds
  Import took 0.031397 seconds .

========================================================================
Received Prepare
Registering precompiled user dll's ...
Registered in 0.001716 seconds.
Begin MonoManager ReloadAssembly
Native extension for WindowsStandalone target not found
Native extension for WebGL target not found
Refreshing native plugins compatible for Editor in 0.54 ms, found 1 plugins.
Preloading 0 native plugins for Editor in 0.00 ms.
Mono: successfully reloaded assembly
- Completed reload, in  1.012 seconds
Platform modules already initialized, skipping
Shader 'Universal Render Pipeline/Particles/Lit': fallback shader 'Universal Render Pipeline/Particles/SimpleLit' not found
Shader 'Universal Render Pipeline/Particles/Lit': fallback shader 'Universal Render Pipeline/Particles/SimpleLit' not found
Refreshing native plugins compatible for Editor in 0.53 ms, found 1 plugins.
Preloading 0 native plugins for Editor in 0.00 ms.
Unloading 2989 Unused Serialized files (Serialized files now loaded: 0)
System memory in use before: 137.7 MB.
System memory in use after: 134.9 MB.

Unloading 48 unused Assets to reduce memory usage. Loaded Objects now: 3519.
Total: 3.630200 ms (FindLiveObjects: 0.280500 ms CreateObjectMapping: 0.147400 ms MarkObjects: 1.882400 ms  DeleteObjects: 1.319100 ms)

AssetImportParameters requested are different than current active one (requested -> active):
  requireTextureImportCompression: false -> true
========================================================================
Received Import Request.
  Time since last request: 603.666056 seconds.
  path: Assets/_Game Name/Scenes/01. Main Menu
  artifactKey: Guid(98079284d09cf504ab8e211053cad6a5) Importer(815301076,1909f56bfc062723c751e8b465ee728b)
Start importing Assets/_Game Name/Scenes/01. Main Menu using Guid(98079284d09cf504ab8e211053cad6a5) Importer(815301076,1909f56bfc062723c751e8b465ee728b)  -> (artifact id: 'b05eb75d6f936207249b595643837dfa') in 0.031160 seconds
  Import took 0.035670 seconds .

AssetImportWorkerClient::OnTransportError - code=2 error=End of file
